2013-03-04 07:48:48 - Filesystem Paths Verified
2013-03-04 07:48:48 - MySQL Database Initializing
2013-03-04 07:48:48 - WorldGen Started
2013-03-04 07:48:48 - MySQL Query: CREATE TABLE users(ID int NOT NULL AUTO_INCREMENT, PRIMARY KEY(id), username VARCHAR(255), pass BINARY(32), email VARCHAR(255), registered DATETIME)
2013-03-04 07:48:48 - MySQL Database Initialized
2013-03-04 07:48:48 - WorldGen Completed
2013-03-04 07:48:48 - Saving World to Disk
2013-03-04 07:48:49 - World Saved to Disk at fs/maps/worldmap.glb
2013-03-04 07:48:49 - Server Setup Complete
2013-03-04 07:48:49 - Server is Now Running, Congratulations!
2013-03-04 07:48:49 - Attempting to Start Network Module on Port: 5250
2013-03-04 07:48:49 - Network Module Started and Listening on Port: 5250
2013-03-04 08:27:38 - Server Startup Initiated
2013-03-04 08:27:38 - Server Configuration Read
2013-03-04 08:27:38 - Checking Filesystem Paths
2013-03-04 08:27:38 - Filesystem Paths Verified
2013-03-04 08:27:38 - MySQL Database Initializing
2013-03-04 08:27:38 - WorldGen Started
2013-03-04 08:27:39 - MySQL Query: CREATE TABLE users(ID int NOT NULL AUTO_INCREMENT, PRIMARY KEY(id), username VARCHAR(255), pass BINARY(32), email VARCHAR(255), registered DATETIME)
2013-03-04 08:27:39 - MySQL Database Initialized
2013-03-04 08:27:40 - WorldGen Completed
2013-03-04 08:27:40 - Saving World to Disk
2013-03-04 08:27:41 - World Saved to Disk at fs/maps/worldmap.glb
2013-03-04 08:27:41 - Server Setup Complete
2013-03-04 08:27:41 - Server is Now Running, Congratulations!
2013-03-04 08:27:41 - Attempting to Start Network Module on Port: 5250
2013-03-04 08:27:41 - Network Module Started and Listening on Port: 5250
2013-03-04 08:30:47 - Server Startup Initiated
2013-03-04 08:30:47 - Server Configuration Read
2013-03-04 08:30:47 - Checking Filesystem Paths
2013-03-04 08:30:47 - Filesystem Paths Verified
2013-03-04 08:30:47 - MySQL Database Initializing
2013-03-04 08:30:47 - WorldGen Started
2013-03-04 08:30:47 - MySQL Query: CREATE TABLE users(ID int NOT NULL AUTO_INCREMENT, PRIMARY KEY(id), username VARCHAR(255), pass BINARY(32), email VARCHAR(255), registered DATETIME)
2013-03-04 08:30:47 - MySQL Database Initialized
2013-03-04 08:30:49 - WorldGen Completed
2013-03-04 08:30:49 - Saving World to Disk
2013-03-04 08:30:50 - World Saved to Disk at fs/maps/worldmap.glb
2013-03-04 08:30:50 - Server Setup Complete
2013-03-04 08:30:50 - Server is Now Running, Congratulations!
2013-03-04 08:30:50 - Attempting to Start Network Module on Port: 5250
2013-03-04 08:30:50 - Network Module Started and Listening on Port: 5250
2013-03-04 16:39:49 - Server Startup Initiated
2013-03-04 16:39:49 - Server Configuration Read
2013-03-04 16:39:49 - Checking Filesystem Paths
2013-03-04 16:39:49 - Filesystem Paths Verified
2013-03-04 16:39:49 - MySQL Database Initializing
2013-03-04 16:39:49 - WorldGen Started
2013-03-04 16:39:50 - MySQL Query: CREATE TABLE users(ID int NOT NULL AUTO_INCREMENT, PRIMARY KEY(id), username VARCHAR(255), pass BINARY(32), email VARCHAR(255), registered DATETIME)
2013-03-04 16:39:50 - MySQL Database Initialized
2013-03-04 16:39:51 - WorldGen Completed
2013-03-04 16:39:51 - Saving World to Disk
2013-03-04 16:39:51 - World Saved to Disk at fs/maps/worldmap.glb
2013-03-04 16:39:51 - Server Setup Complete
2013-03-04 16:39:51 - Server is Now Running, Congratulations!
2013-03-04 16:39:51 - Attempting to Start Network Module on Port: 5250
2013-03-04 16:39:51 - Network Module Started and Listening on Port: 5250
2013-03-04 16:39:59 - Client 127.0.0.1: Connected
2013-03-04 16:40:00 - Client 127.0.0.1: INIT - quit
2013-03-04 16:40:00 - Client 127.0.0.1: Disconnected
2013-03-04 16:42:00 - Server Startup Initiated
2013-03-04 16:42:00 - Server Configuration Read
2013-03-04 16:42:00 - Checking Filesystem Paths
2013-03-04 16:42:00 - Filesystem Paths Verified
2013-03-04 16:42:00 - MySQL Database Initializing
2013-03-04 16:42:00 - WorldGen Started
2013-03-04 16:42:00 - MySQL Query: CREATE TABLE users(ID int NOT NULL AUTO_INCREMENT, PRIMARY KEY(id), username VARCHAR(255), pass BINARY(32), email VARCHAR(255), registered DATETIME)
2013-03-04 16:42:00 - MySQL Database Initialized
2013-03-04 16:42:01 - WorldGen Completed
2013-03-04 16:42:01 - Saving World to Disk
2013-03-04 16:42:02 - World Saved to Disk at fs/maps/worldmap.glb
2013-03-04 16:42:02 - Server Setup Complete
2013-03-04 16:42:02 - Server is Now Running, Congratulations!
2013-03-04 16:42:02 - Attempting to Start Network Module on Port: 5250
2013-03-04 16:42:02 - Network Module Started and Listening on Port: 5250
2013-03-04 16:44:08 - Server Startup Initiated
2013-03-04 16:44:08 - Server Configuration Read
2013-03-04 16:44:08 - Checking Filesystem Paths
2013-03-04 16:44:08 - Filesystem Paths Verified
2013-03-04 16:44:08 - MySQL Database Initializing
2013-03-04 16:44:08 - WorldGen Started
2013-03-04 16:44:08 - MySQL Query: CREATE TABLE users(ID int NOT NULL AUTO_INCREMENT, PRIMARY KEY(id), username VARCHAR(255), pass BINARY(32), email VARCHAR(255), registered DATETIME)
2013-03-04 16:44:08 - MySQL Database Initialized
2013-03-04 16:44:09 - WorldGen Completed
2013-03-04 16:44:09 - Saving World to Disk
2013-03-04 16:44:10 - World Saved to Disk at fs/maps/worldmap.glb
2013-03-04 16:44:10 - Server Setup Complete
2013-03-04 16:44:10 - Server is Now Running, Congratulations!
2013-03-04 16:44:10 - Attempting to Start Network Module on Port: 5250
2013-03-04 16:44:10 - Network Module Started and Listening on Port: 5250
2013-03-04 16:48:04 - Server Startup Initiated
2013-03-04 16:48:04 - Server Configuration Read
2013-03-04 16:48:04 - Checking Filesystem Paths
2013-03-04 16:48:04 - Filesystem Paths Verified
2013-03-04 16:48:04 - WorldGen Started
2013-03-04 16:48:04 - MySQL Database Initializing
2013-03-04 16:48:04 - MySQL Query: CREATE TABLE users(ID int NOT NULL AUTO_INCREMENT, PRIMARY KEY(id), username VARCHAR(255), pass BINARY(32), email VARCHAR(255), registered DATETIME)
2013-03-04 16:48:04 - MySQL Database Initialized
2013-03-04 16:51:30 - WorldGen Completed
2013-03-04 16:51:30 - Saving World to Disk
2013-03-04 16:51:31 - World Saved to Disk at fs/maps/worldmap.glb
2013-03-04 16:51:31 - Server Setup Complete
2013-03-04 16:51:31 - Server is Now Running, Congratulations!
2013-03-04 16:51:31 - Attempting to Start Network Module on Port: 5250
2013-03-04 16:51:31 - Network Module Started and Listening on Port: 5250
2013-03-04 16:54:58 - Server Startup Initiated
2013-03-04 16:54:58 - Server Configuration Read
2013-03-04 16:54:58 - Checking Filesystem Paths
2013-03-04 16:54:58 - Filesystem Paths Verified
2013-03-04 16:54:58 - MySQL Database Initializing
2013-03-04 16:54:58 - WorldGen Started
2013-03-04 16:54:58 - MySQL Query: CREATE TABLE users(ID int NOT NULL AUTO_INCREMENT, PRIMARY KEY(id), username VARCHAR(255), pass BINARY(32), email VARCHAR(255), registered DATETIME)
2013-03-04 16:54:58 - MySQL Database Initialized
2013-03-04 16:54:59 - WorldGen Completed
2013-03-04 16:54:59 - Saving World to Disk
2013-03-04 16:55:00 - World Saved to Disk at fs/maps/worldmap.glb
2013-03-04 16:55:00 - Server Setup Complete
2013-03-04 16:55:00 - Server is Now Running, Congratulations!
2013-03-04 16:55:00 - Attempting to Start Network Module on Port: 5250
2013-03-04 16:55:00 - Network Module Started and Listening on Port: 5250
2013-03-04 18:03:03 - Server Startup Initiated
2013-03-04 18:03:03 - Server Configuration Read
2013-03-04 18:03:03 - Checking Filesystem Paths
2013-03-04 18:03:03 - Filesystem Paths Verified
2013-03-04 18:03:03 - MySQL Database Initializing
2013-03-04 18:03:03 - WorldGen Started
2013-03-04 18:03:03 - MySQL Query: CREATE TABLE users(ID int NOT NULL AUTO_INCREMENT, PRIMARY KEY(id), username VARCHAR(255), pass BINARY(32), email VARCHAR(255), registered DATETIME)
2013-03-04 18:03:03 - MySQL Database Initialized
2013-03-04 18:03:05 - WorldGen Completed
2013-03-04 18:03:05 - Saving World to Disk
2013-03-04 18:03:06 - World Saved to Disk at fs/maps/worldmap.glb
2013-03-04 18:03:06 - Server Setup Complete
2013-03-04 18:03:06 - Server is Now Running, Congratulations!
2013-03-04 18:03:06 - Attempting to Start Network Module on Port: 5250
2013-03-04 18:03:06 - Network Module Started and Listening on Port: 5250
2013-03-04 18:05:06 - Server Startup Initiated
2013-03-04 18:05:06 - Server Configuration Read
2013-03-04 18:05:06 - Checking Filesystem Paths
2013-03-04 18:05:06 - Filesystem Paths Verified
2013-03-04 18:05:06 - MySQL Database Initializing
2013-03-04 18:05:06 - WorldGen Started
2013-03-04 18:05:06 - MySQL Query: CREATE TABLE users(ID int NOT NULL AUTO_INCREMENT, PRIMARY KEY(id), username VARCHAR(255), pass BINARY(32), email VARCHAR(255), registered DATETIME)
2013-03-04 18:05:06 - MySQL Database Initialized
2013-03-04 18:05:08 - WorldGen Completed
2013-03-04 18:05:08 - Saving World to Disk
2013-03-04 18:05:08 - World Saved to Disk at fs/maps/worldmap.glb
2013-03-04 18:05:09 - Server Setup Complete
2013-03-04 18:05:09 - Server is Now Running, Congratulations!
2013-03-04 18:05:09 - Attempting to Start Network Module on Port: 5250
2013-03-04 18:05:09 - Network Module Started and Listening on Port: 5250
2013-03-04 18:41:49 - Server Startup Initiated
2013-03-04 18:41:49 - Server Configuration Read
2013-03-04 18:41:49 - Checking Filesystem Paths
2013-03-04 18:41:49 - Filesystem Paths Verified
2013-03-04 18:41:49 - MySQL Database Initializing
2013-03-04 18:41:49 - WorldGen Started
2013-03-04 18:41:49 - MySQL Query: CREATE TABLE users(ID int NOT NULL AUTO_INCREMENT, PRIMARY KEY(id), username VARCHAR(255), pass BINARY(32), email VARCHAR(255), registered DATETIME)
2013-03-04 18:41:49 - MySQL Database Initialized
2013-03-04 18:41:50 - WorldGen Completed
2013-03-04 18:41:50 - Saving World to Disk
2013-03-04 18:41:51 - World Saved to Disk at fs/maps/worldmap.glb
2013-03-04 18:41:51 - Server Setup Complete
2013-03-04 18:41:51 - Server is Now Running, Congratulations!
2013-03-04 18:41:51 - Attempting to Start Network Module on Port: 5250
2013-03-04 18:41:51 - Network Module Started and Listening on Port: 5250
2013-03-04 21:59:48 - Server Startup Initiated
2013-03-04 21:59:48 - Server Configuration Read
2013-03-04 21:59:48 - Checking Filesystem Paths
2013-03-04 21:59:48 - Filesystem Paths Verified
2013-03-04 21:59:48 - MySQL Database Initializing
2013-03-04 21:59:48 - WorldGen Started
2013-03-04 21:59:48 - MySQL Query: CREATE TABLE users(ID int NOT NULL AUTO_INCREMENT, PRIMARY KEY(id), username VARCHAR(255), pass BINARY(32), email VARCHAR(255), registered DATETIME)
2013-03-04 21:59:48 - MySQL Database Initialized
2013-03-04 21:59:48 - WorldGen Completed
2013-03-04 21:59:48 - Saving World to Disk
2013-03-04 21:59:48 - World Saved to Disk at fs/maps/worldmap.glb
2013-03-04 21:59:49 - Server Setup Complete
2013-03-04 21:59:49 - Server is Now Running, Congratulations!
2013-03-04 21:59:49 - Attempting to Start Network Module on Port: 5250
2013-03-04 21:59:49 - Network Module Started and Listening on Port: 5250
2013-03-04 22:00:44 - Server Startup Initiated
2013-03-04 22:00:44 - Server Configuration Read
2013-03-04 22:00:44 - Checking Filesystem Paths
2013-03-04 22:00:44 - Filesystem Paths Verified
2013-03-04 22:00:44 - MySQL Database Initializing
2013-03-04 22:00:44 - WorldGen Started
2013-03-04 22:00:44 - MySQL Query: CREATE TABLE users(ID int NOT NULL AUTO_INCREMENT, PRIMARY KEY(id), username VARCHAR(255), pass BINARY(32), email VARCHAR(255), registered DATETIME)
2013-03-04 22:00:44 - MySQL Database Initialized
2013-03-04 22:00:44 - WorldGen Completed
2013-03-04 22:00:44 - Saving World to Disk
2013-03-04 22:00:44 - World Saved to Disk at fs/maps/worldmap.glb
2013-03-04 22:00:44 - Server Setup Complete
2013-03-04 22:00:44 - Server is Now Running, Congratulations!
2013-03-04 22:00:44 - Attempting to Start Network Module on Port: 5250
2013-03-04 22:00:44 - Network Module Started and Listening on Port: 5250
2013-03-04 22:01:07 - Server Startup Initiated
2013-03-04 22:01:07 - Server Configuration Read
2013-03-04 22:01:07 - Checking Filesystem Paths
2013-03-04 22:01:07 - Filesystem Paths Verified
2013-03-04 22:01:07 - MySQL Database Initializing
2013-03-04 22:01:07 - WorldGen Started
2013-03-04 22:01:07 - MySQL Query: CREATE TABLE users(ID int NOT NULL AUTO_INCREMENT, PRIMARY KEY(id), username VARCHAR(255), pass BINARY(32), email VARCHAR(255), registered DATETIME)
2013-03-04 22:01:07 - MySQL Database Initialized
2013-03-04 22:01:07 - WorldGen Completed
2013-03-04 22:01:07 - Saving World to Disk
2013-03-04 22:01:08 - World Saved to Disk at fs/maps/worldmap.glb
2013-03-04 22:01:08 - Server Setup Complete
2013-03-04 22:01:08 - Server is Now Running, Congratulations!
2013-03-04 22:01:08 - Attempting to Start Network Module on Port: 5250
2013-03-04 22:01:08 - Network Module Started and Listening on Port: 5250
2013-03-04 22:01:36 - Server Startup Initiated
2013-03-04 22:01:36 - Server Configuration Read
2013-03-04 22:01:36 - Checking Filesystem Paths
2013-03-04 22:01:36 - Filesystem Paths Verified
2013-03-04 22:01:36 - MySQL Database Initializing
2013-03-04 22:01:36 - WorldGen Started
2013-03-04 22:01:36 - MySQL Query: CREATE TABLE users(ID int NOT NULL AUTO_INCREMENT, PRIMARY KEY(id), username VARCHAR(255), pass BINARY(32), email VARCHAR(255), registered DATETIME)
2013-03-04 22:01:36 - MySQL Database Initialized
2013-03-04 22:01:36 - WorldGen Completed
2013-03-04 22:01:36 - Saving World to Disk
2013-03-04 22:01:36 - World Saved to Disk at fs/maps/worldmap.glb
2013-03-04 22:01:37 - Server Setup Complete
2013-03-04 22:01:37 - Server is Now Running, Congratulations!
2013-03-04 22:01:37 - Attempting to Start Network Module on Port: 5250
2013-03-04 22:01:37 - Network Module Started and Listening on Port: 5250
2013-03-04 22:01:45 - Server Startup Initiated
2013-03-04 22:01:45 - Server Configuration Read
2013-03-04 22:01:45 - Checking Filesystem Paths
2013-03-04 22:01:45 - Filesystem Paths Verified
2013-03-04 22:01:45 - MySQL Database Initializing
2013-03-04 22:01:45 - WorldGen Started
2013-03-04 22:01:45 - MySQL Query: CREATE TABLE users(ID int NOT NULL AUTO_INCREMENT, PRIMARY KEY(id), username VARCHAR(255), pass BINARY(32), email VARCHAR(255), registered DATETIME)
2013-03-04 22:01:45 - MySQL Database Initialized
2013-03-04 22:01:45 - WorldGen Completed
2013-03-04 22:01:45 - Saving World to Disk
2013-03-04 22:01:45 - World Saved to Disk at fs/maps/worldmap.glb
2013-03-04 22:01:45 - Server Setup Complete
2013-03-04 22:01:45 - Server is Now Running, Congratulations!
2013-03-04 22:01:45 - Attempting to Start Network Module on Port: 5250
2013-03-04 22:01:45 - Network Module Started and Listening on Port: 5250
2013-03-04 22:02:39 - Server Startup Initiated
2013-03-04 22:02:39 - Server Configuration Read
2013-03-04 22:02:39 - Checking Filesystem Paths
2013-03-04 22:02:39 - Filesystem Paths Verified
2013-03-04 22:02:39 - MySQL Database Initializing
2013-03-04 22:02:39 - WorldGen Started
2013-03-04 22:02:39 - MySQL Query: CREATE TABLE users(ID int NOT NULL AUTO_INCREMENT, PRIMARY KEY(id), username VARCHAR(255), pass BINARY(32), email VARCHAR(255), registered DATETIME)
2013-03-04 22:02:39 - MySQL Database Initialized
2013-03-04 22:02:39 - WorldGen Completed
2013-03-04 22:02:39 - Saving World to Disk
2013-03-04 22:02:40 - World Saved to Disk at fs/maps/worldmap.glb
2013-03-04 22:02:40 - Server Setup Complete
2013-03-04 22:02:40 - Server is Now Running, Congratulations!
2013-03-04 22:02:40 - Attempting to Start Network Module on Port: 5250
2013-03-04 22:02:40 - Network Module Started and Listening on Port: 5250
