2013-03-05 13:09:02 - WorldGen Started
2013-03-05 13:09:02 - Creating World Structure
2013-03-05 13:09:02 - World Structure Generated
2013-03-05 13:09:02 - World Erosion Started
2013-03-05 13:09:02 - World Erosion Completed
2013-03-05 13:09:02 - WorldGen Completed
2013-03-05 13:09:02 - Saving World to Disk
2013-03-05 13:09:03 - World Saved to Disk at fs/maps/worldmap.glb
2013-03-05 21:25:44 - WorldGen Started
2013-03-05 21:25:44 - Creating World Structure
2013-03-05 21:25:44 - World Structure Generated
2013-03-05 21:25:44 - World Erosion Started
2013-03-05 21:25:44 - World Erosion Completed
2013-03-05 21:25:44 - WorldGen Completed
2013-03-05 21:25:44 - Saving World to Disk
2013-03-05 21:25:45 - World Saved to Disk at fs/maps/worldmap.glb
2013-03-05 21:26:49 - WorldGen Started
2013-03-05 21:26:49 - Creating World Structure
2013-03-05 21:26:50 - World Structure Generated
2013-03-05 21:26:50 - World Erosion Started
2013-03-05 21:26:50 - World Erosion Completed
2013-03-05 21:26:50 - WorldGen Completed
2013-03-05 21:26:50 - Saving World to Disk
2013-03-05 21:26:51 - World Saved to Disk at fs/maps/worldmap.glb
2013-03-05 21:28:19 - WorldGen Started
2013-03-05 21:28:19 - Creating World Structure
2013-03-05 21:28:19 - World Structure Generated
2013-03-05 21:28:19 - World Erosion Started
2013-03-05 21:28:19 - World Erosion Completed
2013-03-05 21:28:19 - WorldGen Completed
2013-03-05 21:28:19 - Saving World to Disk
2013-03-05 21:28:20 - World Saved to Disk at fs/maps/worldmap.glb
2013-03-06 04:33:04 - WorldGen Started
2013-03-06 04:33:04 - Creating World Structure
2013-03-06 04:33:04 - World Structure Generated
2013-03-06 04:33:04 - World Erosion Started
2013-03-06 04:33:04 - World Erosion Completed
2013-03-06 04:33:04 - WorldGen Completed
2013-03-06 04:33:04 - Saving World to Disk
2013-03-06 04:33:04 - World Saved to Disk at fs/maps/worldmap.glb
2013-03-06 04:34:16 - WorldGen Started
2013-03-06 04:34:16 - Creating World Structure
2013-03-06 04:34:16 - World Structure Generated
2013-03-06 04:34:16 - World Erosion Started
2013-03-06 04:34:16 - World Erosion Completed
2013-03-06 04:34:16 - WorldGen Completed
2013-03-06 04:34:16 - Saving World to Disk
2013-03-06 04:34:17 - World Saved to Disk at fs/maps/worldmap.glb
2013-03-06 04:34:40 - WorldGen Started
2013-03-06 04:34:40 - Creating World Structure
2013-03-06 04:34:40 - World Structure Generated
2013-03-06 04:34:40 - World Erosion Started
2013-03-06 04:34:40 - World Erosion Completed
2013-03-06 04:34:40 - WorldGen Completed
2013-03-06 04:34:40 - Saving World to Disk
2013-03-06 04:34:41 - World Saved to Disk at fs/maps/worldmap.glb
2013-03-06 04:34:54 - WorldGen Started
2013-03-06 04:34:54 - Creating World Structure
2013-03-06 04:34:55 - World Structure Generated
2013-03-06 04:34:55 - World Erosion Started
2013-03-06 04:34:55 - World Erosion Completed
2013-03-06 04:34:55 - WorldGen Completed
2013-03-06 04:34:55 - Saving World to Disk
2013-03-06 04:34:55 - World Saved to Disk at fs/maps/worldmap.glb
2013-03-06 04:35:07 - WorldGen Started
2013-03-06 04:35:07 - Creating World Structure
2013-03-06 04:35:07 - World Structure Generated
2013-03-06 04:35:07 - World Erosion Started
2013-03-06 04:35:07 - World Erosion Completed
2013-03-06 04:35:07 - WorldGen Completed
2013-03-06 04:35:07 - Saving World to Disk
2013-03-06 04:35:08 - World Saved to Disk at fs/maps/worldmap.glb
2013-03-06 04:35:19 - WorldGen Started
2013-03-06 04:35:19 - Creating World Structure
2013-03-06 04:35:19 - World Structure Generated
2013-03-06 04:35:19 - World Erosion Started
2013-03-06 04:35:19 - World Erosion Completed
2013-03-06 04:35:19 - WorldGen Completed
2013-03-06 04:35:19 - Saving World to Disk
2013-03-06 04:35:20 - World Saved to Disk at fs/maps/worldmap.glb
2013-03-06 04:40:29 - WorldGen Started
2013-03-06 04:40:29 - Creating World Structure
2013-03-06 04:40:29 - World Structure Generated
2013-03-06 04:40:29 - World Erosion Started
2013-03-06 04:40:29 - World Erosion Completed
2013-03-06 04:40:29 - WorldGen Completed
2013-03-06 04:40:29 - Saving World to Disk
2013-03-06 04:40:30 - World Saved to Disk at fs/maps/worldmap.glb
2013-03-06 04:49:04 - WorldGen Started
2013-03-06 04:49:04 - Creating World Structure
2013-03-06 04:49:05 - World Structure Generated
2013-03-06 04:49:05 - World Erosion Started
2013-03-06 04:49:05 - World Erosion Completed
2013-03-06 04:49:05 - WorldGen Completed
2013-03-06 04:49:05 - Saving World to Disk
2013-03-06 04:49:05 - World Saved to Disk at fs/maps/worldmap.glb
2013-03-06 04:49:34 - WorldGen Started
2013-03-06 04:49:34 - Creating World Structure
2013-03-06 04:49:34 - World Structure Generated
2013-03-06 04:49:34 - World Erosion Started
2013-03-06 04:49:34 - World Erosion Completed
2013-03-06 04:49:34 - WorldGen Completed
2013-03-06 04:49:34 - Saving World to Disk
2013-03-06 04:49:35 - World Saved to Disk at fs/maps/worldmap.glb
2013-03-06 04:50:02 - WorldGen Started
2013-03-06 04:50:02 - Creating World Structure
2013-03-06 04:50:02 - World Structure Generated
2013-03-06 04:50:02 - World Erosion Started
2013-03-06 04:50:02 - World Erosion Completed
2013-03-06 04:50:02 - WorldGen Completed
2013-03-06 04:50:02 - Saving World to Disk
2013-03-06 04:50:03 - World Saved to Disk at fs/maps/worldmap.glb
2013-03-06 04:50:16 - WorldGen Started
2013-03-06 04:50:16 - Creating World Structure
2013-03-06 04:50:16 - World Structure Generated
2013-03-06 04:50:16 - World Erosion Started
2013-03-06 04:50:16 - World Erosion Completed
2013-03-06 04:50:16 - WorldGen Completed
2013-03-06 04:50:16 - Saving World to Disk
2013-03-06 04:50:17 - World Saved to Disk at fs/maps/worldmap.glb
2013-03-06 04:50:27 - WorldGen Started
2013-03-06 04:50:27 - Creating World Structure
2013-03-06 04:50:27 - World Structure Generated
2013-03-06 04:50:27 - World Erosion Started
2013-03-06 04:50:27 - World Erosion Completed
2013-03-06 04:50:27 - WorldGen Completed
2013-03-06 04:50:27 - Saving World to Disk
2013-03-06 04:50:28 - World Saved to Disk at fs/maps/worldmap.glb
2013-03-06 04:51:10 - WorldGen Started
2013-03-06 04:51:10 - Creating World Structure
2013-03-06 04:51:10 - World Structure Generated
2013-03-06 04:51:10 - World Erosion Started
2013-03-06 04:51:10 - World Erosion Completed
2013-03-06 04:51:10 - WorldGen Completed
2013-03-06 04:51:10 - Saving World to Disk
2013-03-06 04:51:11 - World Saved to Disk at fs/maps/worldmap.glb
2013-03-06 04:51:52 - WorldGen Started
2013-03-06 04:51:52 - Creating World Structure
2013-03-06 04:51:52 - World Structure Generated
2013-03-06 04:51:52 - World Erosion Started
2013-03-06 04:51:52 - World Erosion Completed
2013-03-06 04:51:52 - WorldGen Completed
2013-03-06 04:51:52 - Saving World to Disk
2013-03-06 04:52:02 - World Saved to Disk at fs/maps/worldmap.glb
2013-03-06 04:53:12 - WorldGen Started
2013-03-06 04:53:12 - Creating World Structure
2013-03-06 04:53:14 - World Structure Generated
2013-03-06 04:53:14 - World Erosion Started
2013-03-06 04:53:14 - World Erosion Completed
2013-03-06 04:53:14 - WorldGen Completed
2013-03-06 04:53:14 - Saving World to Disk
2013-03-06 04:53:21 - World Saved to Disk at fs/maps/worldmap.glb
2013-03-06 04:54:08 - WorldGen Started
2013-03-06 04:54:08 - Creating World Structure
2013-03-06 04:54:09 - World Structure Generated
2013-03-06 04:54:09 - World Erosion Started
2013-03-06 04:54:09 - World Erosion Completed
2013-03-06 04:54:09 - WorldGen Completed
2013-03-06 04:54:09 - Saving World to Disk
2013-03-06 04:54:18 - World Saved to Disk at fs/maps/worldmap.glb
2013-03-06 04:55:27 - WorldGen Started
2013-03-06 04:55:27 - Creating World Structure
2013-03-06 04:55:28 - World Structure Generated
2013-03-06 04:55:28 - World Erosion Started
2013-03-06 04:55:28 - World Erosion Completed
2013-03-06 04:55:28 - WorldGen Completed
2013-03-06 04:55:28 - Saving World to Disk
2013-03-06 04:55:36 - World Saved to Disk at fs/maps/worldmap.glb
2013-03-06 05:31:12 - WorldGen Started
2013-03-06 05:31:12 - Creating World Structure
2013-03-06 05:31:12 - World Structure Generated
2013-03-06 05:31:12 - World Erosion Started
2013-03-06 05:31:12 - World Erosion Completed
2013-03-06 05:31:12 - WorldGen Completed
2013-03-06 05:31:12 - Saving World to Disk
2013-03-06 05:31:17 - World Saved to Disk at fs/maps/worldmap.glb
2013-03-06 05:32:30 - WorldGen Started
2013-03-06 05:32:30 - Creating World Structure
2013-03-06 05:32:30 - World Structure Generated
2013-03-06 05:32:30 - World Erosion Started
2013-03-06 05:32:30 - World Erosion Completed
2013-03-06 05:32:30 - WorldGen Completed
2013-03-06 05:32:30 - Saving World to Disk
2013-03-06 05:32:31 - World Saved to Disk at fs/maps/worldmap.glb
2013-03-06 06:16:10 - WorldGen Started
2013-03-06 06:16:10 - Creating World Structure
2013-03-06 06:16:10 - World Structure Generated
2013-03-06 06:16:10 - World Erosion Started
2013-03-06 06:16:10 - World Erosion Completed
2013-03-06 06:16:10 - WorldGen Completed
2013-03-06 06:16:10 - Saving World to Disk
2013-03-06 06:16:12 - World Saved to Disk at fs/maps/worldmap.glb
2013-03-06 06:17:17 - WorldGen Started
2013-03-06 06:17:17 - Creating World Structure
2013-03-06 06:17:18 - World Structure Generated
2013-03-06 06:17:18 - World Erosion Started
2013-03-06 06:17:18 - World Erosion Completed
2013-03-06 06:17:18 - WorldGen Completed
2013-03-06 06:17:18 - Saving World to Disk
2013-03-06 06:17:19 - World Saved to Disk at fs/maps/worldmap.glb
2013-03-06 06:18:21 - WorldGen Started
2013-03-06 06:18:21 - Creating World Structure
2013-03-06 06:18:22 - World Structure Generated
2013-03-06 06:18:22 - World Erosion Started
2013-03-06 06:18:22 - World Erosion Completed
2013-03-06 06:18:22 - WorldGen Completed
2013-03-06 06:18:22 - Saving World to Disk
2013-03-06 06:18:23 - World Saved to Disk at fs/maps/worldmap.glb
2013-03-06 06:20:10 - WorldGen Started
2013-03-06 06:20:10 - Creating World Structure
2013-03-06 06:20:10 - World Structure Generated
2013-03-06 06:20:10 - World Erosion Started
2013-03-06 06:20:10 - World Erosion Completed
2013-03-06 06:20:10 - WorldGen Completed
2013-03-06 06:20:10 - Saving World to Disk
2013-03-06 06:20:13 - World Saved to Disk at fs/maps/worldmap.glb
2013-03-06 06:45:26 - WorldGen Started
2013-03-06 06:45:26 - Creating World Structure
2013-03-06 06:45:27 - World Structure Generated
2013-03-06 06:45:27 - World Erosion Started
2013-03-06 06:45:27 - World Erosion Completed
2013-03-06 06:45:27 - WorldGen Completed
2013-03-06 06:45:27 - Saving World to Disk
2013-03-06 06:45:28 - World Saved to Disk at fs/maps/worldmap.glb
2013-03-06 06:47:45 - WorldGen Started
2013-03-06 06:47:45 - Creating World Structure
2013-03-06 06:47:45 - World Structure Generated
2013-03-06 06:47:45 - World Erosion Started
2013-03-06 06:47:45 - World Erosion Completed
2013-03-06 06:47:45 - WorldGen Completed
2013-03-06 06:47:45 - Saving World to Disk
2013-03-06 06:47:47 - World Saved to Disk at fs/maps/worldmap.glb
2013-03-06 06:55:30 - WorldGen Started
2013-03-06 06:55:30 - Creating World Structure
2013-03-06 06:55:30 - World Structure Generated
2013-03-06 06:55:30 - World Erosion Started
2013-03-06 06:55:30 - World Erosion Completed
2013-03-06 06:55:30 - WorldGen Completed
2013-03-06 06:55:30 - Saving World to Disk
2013-03-06 06:55:32 - World Saved to Disk at fs/maps/worldmap.glb
2013-03-06 06:58:36 - WorldGen Started
2013-03-06 06:58:36 - Creating World Structure
2013-03-06 06:58:37 - World Structure Generated
2013-03-06 06:58:37 - World Erosion Started
2013-03-06 06:58:37 - World Erosion Completed
2013-03-06 06:58:37 - WorldGen Completed
2013-03-06 06:58:37 - Saving World to Disk
2013-03-06 06:58:39 - World Saved to Disk at fs/maps/worldmap.glb
2013-03-06 06:59:28 - WorldGen Started
2013-03-06 06:59:28 - Creating World Structure
2013-03-06 06:59:28 - World Structure Generated
2013-03-06 06:59:28 - World Erosion Started
2013-03-06 06:59:28 - World Erosion Completed
2013-03-06 06:59:28 - WorldGen Completed
2013-03-06 06:59:28 - Saving World to Disk
2013-03-06 06:59:30 - World Saved to Disk at fs/maps/worldmap.glb
2013-03-06 06:59:55 - WorldGen Started
2013-03-06 06:59:55 - Creating World Structure
2013-03-06 06:59:55 - World Structure Generated
2013-03-06 06:59:55 - World Erosion Started
2013-03-06 06:59:55 - World Erosion Completed
2013-03-06 06:59:55 - WorldGen Completed
2013-03-06 06:59:55 - Saving World to Disk
2013-03-06 06:59:57 - World Saved to Disk at fs/maps/worldmap.glb
2013-03-06 07:00:57 - WorldGen Started
2013-03-06 07:00:57 - Creating World Structure
2013-03-06 07:00:57 - World Structure Generated
2013-03-06 07:00:57 - World Erosion Started
2013-03-06 07:00:57 - World Erosion Completed
2013-03-06 07:00:57 - WorldGen Completed
2013-03-06 07:00:57 - Saving World to Disk
2013-03-06 07:01:00 - World Saved to Disk at fs/maps/worldmap.glb
2013-03-06 07:16:37 - WorldGen Started
2013-03-06 07:16:37 - Creating World Structure
2013-03-06 07:16:37 - World Structure Generated
2013-03-06 07:16:37 - World Erosion Started
2013-03-06 07:16:37 - World Erosion Completed
2013-03-06 07:16:37 - WorldGen Completed
2013-03-06 07:16:37 - Saving World to Disk
2013-03-06 07:16:39 - World Saved to Disk at fs/maps/worldmap.glb
2013-03-06 07:18:34 - WorldGen Started
2013-03-06 07:18:34 - Creating World Structure
2013-03-06 07:18:34 - World Structure Generated
2013-03-06 07:18:34 - World Erosion Started
2013-03-06 07:18:34 - World Erosion Completed
2013-03-06 07:18:34 - WorldGen Completed
2013-03-06 07:18:34 - Saving World to Disk
2013-03-06 07:18:35 - World Saved to Disk at fs/maps/worldmap.glb
2013-03-06 07:19:20 - WorldGen Started
2013-03-06 07:19:20 - Creating World Structure
2013-03-06 07:19:20 - World Structure Generated
2013-03-06 07:19:20 - World Erosion Started
2013-03-06 07:19:20 - World Erosion Completed
2013-03-06 07:19:20 - WorldGen Completed
2013-03-06 07:19:20 - Saving World to Disk
2013-03-06 07:19:22 - World Saved to Disk at fs/maps/worldmap.glb
2013-03-06 09:00:04 - WorldGen Started
2013-03-06 09:00:04 - Creating World Structure
2013-03-06 09:00:04 - World Structure Generated
2013-03-06 09:00:04 - World Erosion Started
2013-03-06 09:00:04 - World Erosion Completed
2013-03-06 09:00:04 - WorldGen Completed
2013-03-06 09:00:04 - Saving World to Disk
2013-03-06 09:00:06 - World Saved to Disk at fs/maps/worldmap.glb
2013-03-06 09:08:13 - WorldGen Started
2013-03-06 09:08:13 - Creating World Structure
2013-03-06 09:08:13 - World Structure Generated
2013-03-06 09:08:13 - World Erosion Started
2013-03-06 09:08:13 - World Erosion Completed
2013-03-06 09:08:13 - WorldGen Completed
2013-03-06 09:08:13 - Saving World to Disk
2013-03-06 09:08:15 - World Saved to Disk at fs/maps/worldmap.glb
2013-03-06 09:08:40 - WorldGen Started
2013-03-06 09:08:40 - Creating World Structure
2013-03-06 09:08:40 - World Structure Generated
2013-03-06 09:08:40 - World Erosion Started
2013-03-06 09:08:40 - World Erosion Completed
2013-03-06 09:08:40 - WorldGen Completed
2013-03-06 09:08:40 - Saving World to Disk
2013-03-06 09:08:46 - World Saved to Disk at fs/maps/worldmap.glb
2013-03-06 09:09:50 - WorldGen Started
2013-03-06 09:09:50 - Creating World Structure
2013-03-06 09:09:50 - World Structure Generated
2013-03-06 09:09:50 - World Erosion Started
2013-03-06 09:09:50 - World Erosion Completed
2013-03-06 09:09:50 - WorldGen Completed
2013-03-06 09:09:50 - Saving World to Disk
2013-03-06 09:09:57 - World Saved to Disk at fs/maps/worldmap.glb
2013-03-06 09:10:25 - WorldGen Started
2013-03-06 09:10:25 - Creating World Structure
2013-03-06 09:10:26 - World Structure Generated
2013-03-06 09:10:26 - World Erosion Started
2013-03-06 09:10:26 - World Erosion Completed
2013-03-06 09:10:26 - WorldGen Completed
2013-03-06 09:10:26 - Saving World to Disk
2013-03-06 09:10:33 - World Saved to Disk at fs/maps/worldmap.glb
2013-03-06 09:13:55 - WorldGen Started
2013-03-06 09:13:55 - Creating World Structure
2013-03-06 09:13:56 - World Structure Generated
2013-03-06 09:13:56 - World Erosion Started
2013-03-06 09:13:56 - World Erosion Completed
2013-03-06 09:13:56 - WorldGen Completed
2013-03-06 09:13:56 - Saving World to Disk
2013-03-06 09:14:01 - World Saved to Disk at fs/maps/worldmap.glb
2013-03-06 09:17:21 - WorldGen Started
2013-03-06 09:17:21 - Creating World Structure
2013-03-06 09:17:22 - World Structure Generated
2013-03-06 09:17:22 - World Erosion Started
2013-03-06 09:17:22 - World Erosion Completed
2013-03-06 09:17:22 - WorldGen Completed
2013-03-06 09:17:22 - Saving World to Disk
2013-03-06 09:17:29 - World Saved to Disk at fs/maps/worldmap.glb
2013-03-06 09:33:29 - WorldGen Started
2013-03-06 09:33:29 - Creating World Structure
2013-03-06 09:33:29 - World Structure Generated
2013-03-06 09:33:29 - World Erosion Started
2013-03-06 09:33:29 - World Erosion Completed
2013-03-06 09:33:29 - WorldGen Completed
2013-03-06 09:33:29 - Saving World to Disk
2013-03-06 09:33:36 - World Saved to Disk at fs/maps/worldmap.glb
2013-03-06 09:34:23 - WorldGen Started
2013-03-06 09:34:23 - Creating World Structure
2013-03-06 09:34:24 - World Structure Generated
2013-03-06 09:34:24 - World Erosion Started
2013-03-06 09:34:24 - World Erosion Completed
2013-03-06 09:34:24 - WorldGen Completed
2013-03-06 09:34:24 - Saving World to Disk
2013-03-06 09:34:30 - World Saved to Disk at fs/maps/worldmap.glb
2013-03-06 09:35:54 - WorldGen Started
2013-03-06 09:35:54 - Creating World Structure
2013-03-06 09:35:55 - World Structure Generated
2013-03-06 09:35:55 - World Erosion Started
2013-03-06 09:35:55 - World Erosion Completed
2013-03-06 09:35:55 - WorldGen Completed
2013-03-06 09:35:55 - Saving World to Disk
2013-03-06 09:36:01 - World Saved to Disk at fs/maps/worldmap.glb
2013-03-06 09:36:25 - WorldGen Started
2013-03-06 09:36:25 - Creating World Structure
2013-03-06 09:36:26 - World Structure Generated
2013-03-06 09:36:26 - World Erosion Started
2013-03-06 09:36:26 - World Erosion Completed
2013-03-06 09:36:26 - WorldGen Completed
2013-03-06 09:36:26 - Saving World to Disk
2013-03-06 09:36:32 - World Saved to Disk at fs/maps/worldmap.glb
2013-03-06 09:37:17 - WorldGen Started
2013-03-06 09:37:17 - Creating World Structure
2013-03-06 09:37:18 - World Structure Generated
2013-03-06 09:37:18 - World Erosion Started
2013-03-06 09:37:18 - World Erosion Completed
2013-03-06 09:37:18 - WorldGen Completed
2013-03-06 09:37:18 - Saving World to Disk
2013-03-06 09:37:23 - World Saved to Disk at fs/maps/worldmap.glb
2013-03-06 09:38:20 - WorldGen Started
2013-03-06 09:38:20 - Creating World Structure
2013-03-06 09:38:20 - World Structure Generated
2013-03-06 09:38:20 - World Erosion Started
2013-03-06 09:38:20 - World Erosion Completed
2013-03-06 09:38:20 - WorldGen Completed
2013-03-06 09:38:20 - Saving World to Disk
2013-03-06 09:38:20 - World Saved to Disk at fs/maps/worldmap.glb
2013-03-06 09:39:10 - WorldGen Started
2013-03-06 09:39:10 - Creating World Structure
2013-03-06 09:39:10 - World Structure Generated
2013-03-06 09:39:10 - World Erosion Started
2013-03-06 09:39:10 - World Erosion Completed
2013-03-06 09:39:10 - WorldGen Completed
2013-03-06 09:39:10 - Saving World to Disk
2013-03-06 09:39:10 - World Saved to Disk at fs/maps/worldmap.glb
2013-03-06 09:39:47 - WorldGen Started
2013-03-06 09:39:47 - Creating World Structure
2013-03-06 09:39:47 - World Structure Generated
2013-03-06 09:39:47 - World Erosion Started
2013-03-06 09:39:47 - World Erosion Completed
2013-03-06 09:39:47 - WorldGen Completed
2013-03-06 09:39:47 - Saving World to Disk
2013-03-06 09:39:47 - World Saved to Disk at fs/maps/worldmap.glb
2013-03-06 09:40:06 - WorldGen Started
2013-03-06 09:40:06 - Creating World Structure
2013-03-06 09:40:06 - World Structure Generated
2013-03-06 09:40:06 - World Erosion Started
2013-03-06 09:40:06 - World Erosion Completed
2013-03-06 09:40:06 - WorldGen Completed
2013-03-06 09:40:06 - Saving World to Disk
2013-03-06 09:40:06 - World Saved to Disk at fs/maps/worldmap.glb
2013-03-06 09:40:18 - WorldGen Started
2013-03-06 09:40:18 - Creating World Structure
2013-03-06 09:40:18 - World Structure Generated
2013-03-06 09:40:18 - World Erosion Started
2013-03-06 09:40:18 - World Erosion Completed
2013-03-06 09:40:18 - WorldGen Completed
2013-03-06 09:40:18 - Saving World to Disk
2013-03-06 09:40:18 - World Saved to Disk at fs/maps/worldmap.glb
2013-03-06 09:40:50 - WorldGen Started
2013-03-06 09:40:50 - Creating World Structure
2013-03-06 09:40:50 - World Structure Generated
2013-03-06 09:40:50 - World Erosion Started
2013-03-06 09:40:50 - World Erosion Completed
2013-03-06 09:40:50 - WorldGen Completed
2013-03-06 09:40:50 - Saving World to Disk
2013-03-06 09:40:50 - World Saved to Disk at fs/maps/worldmap.glb
2013-03-06 09:41:03 - WorldGen Started
2013-03-06 09:41:03 - Creating World Structure
2013-03-06 09:41:03 - World Structure Generated
2013-03-06 09:41:03 - World Erosion Started
2013-03-06 09:41:03 - World Erosion Completed
2013-03-06 09:41:03 - WorldGen Completed
2013-03-06 09:41:03 - Saving World to Disk
2013-03-06 09:41:03 - World Saved to Disk at fs/maps/worldmap.glb
2013-03-06 09:41:17 - WorldGen Started
2013-03-06 09:41:17 - Creating World Structure
2013-03-06 09:41:17 - World Structure Generated
2013-03-06 09:41:17 - World Erosion Started
2013-03-06 09:41:17 - World Erosion Completed
2013-03-06 09:41:17 - WorldGen Completed
2013-03-06 09:41:17 - Saving World to Disk
2013-03-06 09:41:17 - World Saved to Disk at fs/maps/worldmap.glb
2013-03-06 09:41:33 - WorldGen Started
2013-03-06 09:41:33 - Creating World Structure
2013-03-06 09:41:33 - World Structure Generated
2013-03-06 09:41:33 - World Erosion Started
2013-03-06 09:41:33 - World Erosion Completed
2013-03-06 09:41:33 - WorldGen Completed
2013-03-06 09:41:33 - Saving World to Disk
2013-03-06 09:41:33 - World Saved to Disk at fs/maps/worldmap.glb
2013-03-06 09:42:01 - WorldGen Started
2013-03-06 09:42:01 - Creating World Structure
2013-03-06 09:42:01 - World Structure Generated
2013-03-06 09:42:01 - World Erosion Started
2013-03-06 09:42:01 - World Erosion Completed
2013-03-06 09:42:01 - WorldGen Completed
2013-03-06 09:42:01 - Saving World to Disk
2013-03-06 09:42:01 - World Saved to Disk at fs/maps/worldmap.glb
2013-03-06 09:42:27 - WorldGen Started
2013-03-06 09:42:27 - Creating World Structure
2013-03-06 09:42:27 - World Structure Generated
2013-03-06 09:42:27 - World Erosion Started
2013-03-06 09:42:27 - World Erosion Completed
2013-03-06 09:42:27 - WorldGen Completed
2013-03-06 09:42:27 - Saving World to Disk
2013-03-06 09:42:27 - World Saved to Disk at fs/maps/worldmap.glb
2013-03-06 09:42:52 - WorldGen Started
2013-03-06 09:42:52 - Creating World Structure
2013-03-06 09:42:52 - World Structure Generated
2013-03-06 09:42:52 - World Erosion Started
2013-03-06 09:42:52 - World Erosion Completed
2013-03-06 09:42:52 - WorldGen Completed
2013-03-06 09:42:52 - Saving World to Disk
2013-03-06 09:42:52 - World Saved to Disk at fs/maps/worldmap.glb
2013-03-06 09:43:24 - WorldGen Started
2013-03-06 09:43:24 - Creating World Structure
2013-03-06 09:43:24 - World Structure Generated
2013-03-06 09:43:24 - World Erosion Started
2013-03-06 09:43:24 - World Erosion Completed
2013-03-06 09:43:24 - WorldGen Completed
2013-03-06 09:43:24 - Saving World to Disk
2013-03-06 09:43:24 - World Saved to Disk at fs/maps/worldmap.glb
2013-03-06 09:43:32 - WorldGen Started
2013-03-06 09:43:32 - Creating World Structure
2013-03-06 09:43:32 - World Structure Generated
2013-03-06 09:43:32 - World Erosion Started
2013-03-06 09:43:32 - World Erosion Completed
2013-03-06 09:43:32 - WorldGen Completed
2013-03-06 09:43:32 - Saving World to Disk
2013-03-06 09:43:32 - World Saved to Disk at fs/maps/worldmap.glb
2013-03-06 09:43:51 - WorldGen Started
2013-03-06 09:43:51 - Creating World Structure
2013-03-06 09:43:51 - World Structure Generated
2013-03-06 09:43:51 - World Erosion Started
2013-03-06 09:43:51 - World Erosion Completed
2013-03-06 09:43:51 - WorldGen Completed
2013-03-06 09:43:51 - Saving World to Disk
2013-03-06 09:43:51 - World Saved to Disk at fs/maps/worldmap.glb
2013-03-06 09:44:06 - WorldGen Started
2013-03-06 09:44:06 - Creating World Structure
2013-03-06 09:44:06 - World Structure Generated
2013-03-06 09:44:06 - World Erosion Started
2013-03-06 09:44:06 - World Erosion Completed
2013-03-06 09:44:06 - WorldGen Completed
2013-03-06 09:44:06 - Saving World to Disk
2013-03-06 09:44:06 - World Saved to Disk at fs/maps/worldmap.glb
2013-03-06 09:44:14 - WorldGen Started
2013-03-06 09:44:14 - Creating World Structure
2013-03-06 09:44:14 - World Structure Generated
2013-03-06 09:44:14 - World Erosion Started
2013-03-06 09:44:14 - World Erosion Completed
2013-03-06 09:44:14 - WorldGen Completed
2013-03-06 09:44:14 - Saving World to Disk
2013-03-06 09:44:14 - World Saved to Disk at fs/maps/worldmap.glb
2013-03-06 09:44:57 - WorldGen Started
2013-03-06 09:44:57 - Creating World Structure
2013-03-06 09:44:57 - World Structure Generated
2013-03-06 09:44:57 - World Erosion Started
2013-03-06 09:44:57 - World Erosion Completed
2013-03-06 09:44:57 - WorldGen Completed
2013-03-06 09:44:57 - Saving World to Disk
2013-03-06 09:44:57 - World Saved to Disk at fs/maps/worldmap.glb
2013-03-06 09:45:26 - WorldGen Started
2013-03-06 09:45:26 - Creating World Structure
2013-03-06 09:45:26 - World Structure Generated
2013-03-06 09:45:26 - World Erosion Started
2013-03-06 09:45:26 - World Erosion Completed
2013-03-06 09:45:26 - WorldGen Completed
2013-03-06 09:45:26 - Saving World to Disk
2013-03-06 09:45:26 - World Saved to Disk at fs/maps/worldmap.glb
2013-03-06 09:45:41 - WorldGen Started
2013-03-06 09:45:41 - Creating World Structure
2013-03-06 09:45:41 - World Structure Generated
2013-03-06 09:45:41 - World Erosion Started
2013-03-06 09:45:41 - World Erosion Completed
2013-03-06 09:45:41 - WorldGen Completed
2013-03-06 09:45:41 - Saving World to Disk
2013-03-06 09:45:41 - World Saved to Disk at fs/maps/worldmap.glb
2013-03-06 09:46:12 - WorldGen Started
2013-03-06 09:46:12 - Creating World Structure
2013-03-06 09:46:12 - World Structure Generated
2013-03-06 09:46:12 - World Erosion Started
2013-03-06 09:46:12 - World Erosion Completed
2013-03-06 09:46:12 - WorldGen Completed
2013-03-06 09:46:12 - Saving World to Disk
2013-03-06 09:46:12 - World Saved to Disk at fs/maps/worldmap.glb
2013-03-06 09:46:24 - WorldGen Started
2013-03-06 09:46:24 - Creating World Structure
2013-03-06 09:46:24 - World Structure Generated
2013-03-06 09:46:24 - World Erosion Started
2013-03-06 09:46:24 - World Erosion Completed
2013-03-06 09:46:24 - WorldGen Completed
2013-03-06 09:46:24 - Saving World to Disk
2013-03-06 09:46:24 - World Saved to Disk at fs/maps/worldmap.glb
2013-03-06 09:46:43 - WorldGen Started
2013-03-06 09:46:43 - Creating World Structure
2013-03-06 09:46:43 - World Structure Generated
2013-03-06 09:46:43 - World Erosion Started
2013-03-06 09:46:43 - World Erosion Completed
2013-03-06 09:46:43 - WorldGen Completed
2013-03-06 09:46:43 - Saving World to Disk
2013-03-06 09:46:43 - World Saved to Disk at fs/maps/worldmap.glb
2013-03-06 09:46:53 - WorldGen Started
2013-03-06 09:46:53 - Creating World Structure
2013-03-06 09:46:53 - World Structure Generated
2013-03-06 09:46:53 - World Erosion Started
2013-03-06 09:46:53 - World Erosion Completed
2013-03-06 09:46:53 - WorldGen Completed
2013-03-06 09:46:53 - Saving World to Disk
2013-03-06 09:46:54 - World Saved to Disk at fs/maps/worldmap.glb
2013-03-06 09:47:16 - WorldGen Started
2013-03-06 09:47:16 - Creating World Structure
2013-03-06 09:47:16 - World Structure Generated
2013-03-06 09:47:16 - World Erosion Started
2013-03-06 09:47:16 - World Erosion Completed
2013-03-06 09:47:16 - WorldGen Completed
2013-03-06 09:47:16 - Saving World to Disk
2013-03-06 09:47:16 - World Saved to Disk at fs/maps/worldmap.glb
2013-03-06 09:48:25 - WorldGen Started
2013-03-06 09:48:25 - Creating World Structure
2013-03-06 09:48:25 - World Structure Generated
2013-03-06 09:48:25 - World Erosion Started
2013-03-06 09:48:25 - World Erosion Completed
2013-03-06 09:48:25 - WorldGen Completed
2013-03-06 09:48:25 - Saving World to Disk
2013-03-06 09:48:25 - World Saved to Disk at fs/maps/worldmap.glb
2013-03-06 09:48:48 - WorldGen Started
2013-03-06 09:48:48 - Creating World Structure
2013-03-06 09:48:48 - World Structure Generated
2013-03-06 09:48:48 - World Erosion Started
2013-03-06 09:48:48 - World Erosion Completed
2013-03-06 09:48:48 - WorldGen Completed
2013-03-06 09:48:48 - Saving World to Disk
2013-03-06 09:48:48 - World Saved to Disk at fs/maps/worldmap.glb
2013-03-06 09:49:16 - WorldGen Started
2013-03-06 09:49:16 - Creating World Structure
2013-03-06 09:49:16 - World Structure Generated
2013-03-06 09:49:16 - World Erosion Started
2013-03-06 09:49:16 - World Erosion Completed
2013-03-06 09:49:16 - WorldGen Completed
2013-03-06 09:49:16 - Saving World to Disk
2013-03-06 09:49:16 - World Saved to Disk at fs/maps/worldmap.glb
2013-03-06 09:49:32 - WorldGen Started
2013-03-06 09:49:32 - Creating World Structure
2013-03-06 09:49:32 - World Structure Generated
2013-03-06 09:49:32 - World Erosion Started
2013-03-06 09:49:32 - World Erosion Completed
2013-03-06 09:49:32 - WorldGen Completed
2013-03-06 09:49:32 - Saving World to Disk
2013-03-06 09:49:32 - World Saved to Disk at fs/maps/worldmap.glb
2013-03-06 09:50:19 - WorldGen Started
2013-03-06 09:50:19 - Creating World Structure
2013-03-06 09:50:19 - World Structure Generated
2013-03-06 09:50:19 - World Erosion Started
2013-03-06 09:50:19 - World Erosion Completed
2013-03-06 09:50:19 - WorldGen Completed
2013-03-06 09:50:19 - Saving World to Disk
2013-03-06 09:50:19 - World Saved to Disk at fs/maps/worldmap.glb
2013-03-06 09:50:37 - WorldGen Started
2013-03-06 09:50:37 - Creating World Structure
2013-03-06 09:50:37 - World Structure Generated
2013-03-06 09:50:37 - World Erosion Started
2013-03-06 09:50:37 - World Erosion Completed
2013-03-06 09:50:37 - WorldGen Completed
2013-03-06 09:50:37 - Saving World to Disk
2013-03-06 09:50:37 - World Saved to Disk at fs/maps/worldmap.glb
2013-03-06 09:50:53 - WorldGen Started
2013-03-06 09:50:53 - Creating World Structure
2013-03-06 09:50:53 - World Structure Generated
2013-03-06 09:50:53 - World Erosion Started
2013-03-06 09:50:53 - World Erosion Completed
2013-03-06 09:50:53 - WorldGen Completed
2013-03-06 09:50:53 - Saving World to Disk
2013-03-06 09:50:53 - World Saved to Disk at fs/maps/worldmap.glb
2013-03-06 09:51:28 - WorldGen Started
2013-03-06 09:51:28 - Creating World Structure
2013-03-06 09:51:28 - World Structure Generated
2013-03-06 09:51:28 - World Erosion Started
2013-03-06 09:51:28 - World Erosion Completed
2013-03-06 09:51:28 - WorldGen Completed
2013-03-06 09:51:28 - Saving World to Disk
2013-03-06 09:51:28 - World Saved to Disk at fs/maps/worldmap.glb
2013-03-06 09:51:56 - WorldGen Started
2013-03-06 09:51:56 - Creating World Structure
2013-03-06 09:51:56 - World Structure Generated
2013-03-06 09:51:56 - World Erosion Started
2013-03-06 09:51:56 - World Erosion Completed
2013-03-06 09:51:56 - WorldGen Completed
2013-03-06 09:51:56 - Saving World to Disk
2013-03-06 09:51:56 - World Saved to Disk at fs/maps/worldmap.glb
2013-03-06 09:52:34 - WorldGen Started
2013-03-06 09:52:34 - Creating World Structure
2013-03-06 09:52:34 - World Structure Generated
2013-03-06 09:52:34 - World Erosion Started
2013-03-06 09:52:34 - World Erosion Completed
2013-03-06 09:52:34 - WorldGen Completed
2013-03-06 09:52:34 - Saving World to Disk
2013-03-06 09:52:34 - World Saved to Disk at fs/maps/worldmap.glb
2013-03-06 09:52:47 - WorldGen Started
2013-03-06 09:52:47 - Creating World Structure
2013-03-06 09:52:47 - World Structure Generated
2013-03-06 09:52:47 - World Erosion Started
2013-03-06 09:52:47 - World Erosion Completed
2013-03-06 09:52:47 - WorldGen Completed
2013-03-06 09:52:47 - Saving World to Disk
2013-03-06 09:52:47 - World Saved to Disk at fs/maps/worldmap.glb
2013-03-06 09:53:08 - WorldGen Started
2013-03-06 09:53:08 - Creating World Structure
2013-03-06 09:53:08 - World Structure Generated
2013-03-06 09:53:08 - World Erosion Started
2013-03-06 09:53:08 - World Erosion Completed
2013-03-06 09:53:08 - WorldGen Completed
2013-03-06 09:53:08 - Saving World to Disk
2013-03-06 09:53:08 - World Saved to Disk at fs/maps/worldmap.glb
2013-03-06 09:53:14 - WorldGen Started
2013-03-06 09:53:14 - Creating World Structure
2013-03-06 09:53:14 - World Structure Generated
2013-03-06 09:53:14 - World Erosion Started
2013-03-06 09:53:14 - World Erosion Completed
2013-03-06 09:53:14 - WorldGen Completed
2013-03-06 09:53:14 - Saving World to Disk
2013-03-06 09:53:14 - World Saved to Disk at fs/maps/worldmap.glb
2013-03-06 09:53:42 - WorldGen Started
2013-03-06 09:53:42 - Creating World Structure
2013-03-06 09:53:42 - World Structure Generated
2013-03-06 09:53:42 - World Erosion Started
2013-03-06 09:53:42 - World Erosion Completed
2013-03-06 09:53:42 - WorldGen Completed
2013-03-06 09:53:42 - Saving World to Disk
2013-03-06 09:53:42 - World Saved to Disk at fs/maps/worldmap.glb
2013-03-06 09:55:10 - WorldGen Started
2013-03-06 09:55:10 - Creating World Structure
2013-03-06 09:55:10 - World Structure Generated
2013-03-06 09:55:10 - World Erosion Started
2013-03-06 09:55:10 - World Erosion Completed
2013-03-06 09:55:10 - WorldGen Completed
2013-03-06 09:55:10 - Saving World to Disk
2013-03-06 09:55:10 - World Saved to Disk at fs/maps/worldmap.glb
2013-03-06 17:01:44 - WorldGen Started
2013-03-06 17:01:44 - Creating World Structure
2013-03-06 17:01:44 - World Structure Generated
2013-03-06 17:01:44 - World Erosion Started
2013-03-06 17:01:44 - World Erosion Completed
2013-03-06 17:01:44 - WorldGen Completed
2013-03-06 17:01:44 - Saving World to Disk
2013-03-06 17:01:44 - World Saved to Disk at fs/maps/worldmap.glb
2013-03-06 17:01:45 - WorldGen Started
2013-03-06 17:01:45 - Creating World Structure
2013-03-06 17:01:45 - World Structure Generated
2013-03-06 17:01:45 - World Erosion Started
2013-03-06 17:01:45 - World Erosion Completed
2013-03-06 17:01:45 - WorldGen Completed
2013-03-06 17:01:45 - Saving World to Disk
2013-03-06 17:01:45 - World Saved to Disk at fs/maps/worldmap.glb
2013-03-06 17:02:21 - WorldGen Started
2013-03-06 17:02:21 - Creating World Structure
2013-03-06 17:02:21 - World Structure Generated
2013-03-06 17:02:21 - World Erosion Started
2013-03-06 17:02:21 - World Erosion Completed
2013-03-06 17:02:21 - WorldGen Completed
2013-03-06 17:02:21 - Saving World to Disk
2013-03-06 17:02:21 - World Saved to Disk at fs/maps/worldmap.glb
2013-03-06 17:02:47 - WorldGen Started
2013-03-06 17:02:47 - Creating World Structure
2013-03-06 17:02:47 - World Structure Generated
2013-03-06 17:02:47 - World Erosion Started
2013-03-06 17:02:47 - World Erosion Completed
2013-03-06 17:02:47 - WorldGen Completed
2013-03-06 17:02:47 - Saving World to Disk
2013-03-06 17:02:47 - World Saved to Disk at fs/maps/worldmap.glb
2013-03-06 17:03:57 - WorldGen Started
2013-03-06 17:03:57 - Creating World Structure
2013-03-06 17:03:57 - World Structure Generated
2013-03-06 17:03:57 - World Erosion Started
2013-03-06 17:03:57 - World Erosion Completed
2013-03-06 17:03:57 - WorldGen Completed
2013-03-06 17:03:57 - Saving World to Disk
2013-03-06 17:03:57 - World Saved to Disk at fs/maps/worldmap.glb
2013-03-06 17:04:25 - WorldGen Started
2013-03-06 17:04:25 - Creating World Structure
2013-03-06 17:04:25 - World Structure Generated
2013-03-06 17:04:25 - World Erosion Started
2013-03-06 17:04:25 - World Erosion Completed
2013-03-06 17:04:25 - WorldGen Completed
2013-03-06 17:04:25 - Saving World to Disk
2013-03-06 17:04:25 - World Saved to Disk at fs/maps/worldmap.glb
2013-03-06 17:06:23 - WorldGen Started
2013-03-06 17:06:23 - Creating World Structure
2013-03-06 17:06:23 - World Structure Generated
2013-03-06 17:06:23 - World Erosion Started
2013-03-06 17:06:23 - World Erosion Completed
2013-03-06 17:06:23 - WorldGen Completed
2013-03-06 17:06:23 - Saving World to Disk
2013-03-06 17:06:23 - World Saved to Disk at fs/maps/worldmap.glb
2013-03-06 17:06:44 - WorldGen Started
2013-03-06 17:06:44 - Creating World Structure
2013-03-06 17:06:44 - World Structure Generated
2013-03-06 17:06:44 - World Erosion Started
2013-03-06 17:06:44 - World Erosion Completed
2013-03-06 17:06:44 - WorldGen Completed
2013-03-06 17:06:44 - Saving World to Disk
2013-03-06 17:06:44 - World Saved to Disk at fs/maps/worldmap.glb
2013-03-06 17:08:42 - WorldGen Started
2013-03-06 17:08:42 - Creating World Structure
2013-03-06 17:08:42 - World Structure Generated
2013-03-06 17:08:42 - World Erosion Started
2013-03-06 17:08:42 - World Erosion Completed
2013-03-06 17:08:42 - WorldGen Completed
2013-03-06 17:08:42 - Saving World to Disk
2013-03-06 17:08:42 - World Saved to Disk at fs/maps/worldmap.glb
2013-03-06 17:09:06 - WorldGen Started
2013-03-06 17:09:06 - Creating World Structure
2013-03-06 17:09:06 - World Structure Generated
2013-03-06 17:09:06 - World Erosion Started
2013-03-06 17:09:06 - World Erosion Completed
2013-03-06 17:09:06 - WorldGen Completed
2013-03-06 17:09:06 - Saving World to Disk
2013-03-06 17:09:06 - World Saved to Disk at fs/maps/worldmap.glb
2013-03-06 17:11:39 - WorldGen Started
2013-03-06 17:11:39 - Creating World Structure
2013-03-06 17:11:39 - World Structure Generated
2013-03-06 17:11:39 - World Erosion Started
2013-03-06 17:11:39 - World Erosion Completed
2013-03-06 17:11:39 - WorldGen Completed
2013-03-06 17:11:39 - Saving World to Disk
2013-03-06 17:11:39 - World Saved to Disk at fs/maps/worldmap.glb
2013-03-06 17:13:19 - WorldGen Started
2013-03-06 17:13:19 - Creating World Structure
2013-03-06 17:13:19 - World Structure Generated
2013-03-06 17:13:19 - World Erosion Started
2013-03-06 17:13:19 - World Erosion Completed
2013-03-06 17:13:19 - WorldGen Completed
2013-03-06 17:13:19 - Saving World to Disk
2013-03-06 17:13:19 - World Saved to Disk at fs/maps/worldmap.glb
